1524666920634	geckodriver	INFO	geckodriver 0.20.1
1524666920681	geckodriver	INFO	Listening on 127.0.0.1:36232
1524666923669	mozrunner::runner	INFO	Running command: "C:\\Program Files (x86)\\Mozilla Firefox\\firefox.exe" "-marionette" "-profile" "C:\\Users\\Imu\\AppData\\Local\\Temp\\rust_mozprofile.RoKRDWA9EyHx"
1524667009951	geckodriver	INFO	geckodriver 0.20.1
1524667009962	geckodriver	INFO	Listening on 127.0.0.1:36399
1524667012925	mozrunner::runner	INFO	Running command: "C:\\Program Files (x86)\\Mozilla Firefox\\firefox.exe" "-marionette" "-profile" "C:\\Users\\Imu\\AppData\\Local\\Temp\\rust_mozprofile.rU3ijyjhpy1D"
1524667019619	Marionette	INFO	Listening on port 36411
1524667020751	Marionette	WARN	TLS certificate errors will be ignored for this session
Unable to read VR Path Registry from C:\Users\Imu\AppData\Local\openvr\openvrpaths.vrpath
[Parent 4808, Gecko_IOThread] WARNING: pipe error: 109: file z:/build/build/src/ipc/chromium/src/chrome/common/ipc_channel_win.cc, line 346
Unable to read VR Path Registry from C:\Users\Imu\AppData\Local\openvr\openvrpaths.vrpath
[Child 11756, Chrome_ChildThread] WARNING: pipe error: 109: file z:/build/build/src/ipc/chromium/src/chrome/common/ipc_channel_win.cc, line 346
1524667070397	addons.productaddons	WARN	Failed downloading via XHR, status: 0, reason: error
[Parent 4808, Gecko_IOThread] WARNING: pipe error: 109: file z:/build/build/src/ipc/chromium/src/chrome/common/ipc_channel_win.cc, line 346
[Parent 4808, Gecko_IOThread] WARNING: pipe error: 109: file z:/build/build/src/ipc/chromium/src/chrome/common/ipc_channel_win.cc, line 346
*** UTM:SVC TimerManager:registerTimer called after profile-before-change notification. Ignoring timer registration for id: telemetry_modules_ping
JavaScript error: resource://gre/modules/osfile/osfile_async_front.jsm, line 408: Error: OS.File has been shut down. Rejecting post to DirectoryIterator_prototype_close
JavaScript error: resource://gre/modules/osfile/osfile_async_front.jsm, line 424: Error: OS.File has been shut down. Rejecting request to DirectoryIterator_prototype_next

###!!! [Child][MessageChannel::SendAndWait] Error: Channel error: cannot send/recv

1524670369589	geckodriver	INFO	geckodriver 0.20.1
1524670369602	geckodriver	INFO	Listening on 127.0.0.1:39730
1524670372611	mozrunner::runner	INFO	Running command: "C:\\Program Files (x86)\\Mozilla Firefox\\firefox.exe" "-marionette" "-profile" "C:\\Users\\Imu\\AppData\\Local\\Temp\\rust_mozprofile.NIgQo9pnLMRl"
1524670377264	Marionette	INFO	Listening on port 39742
1524670378124	Marionette	WARN	TLS certificate errors will be ignored for this session
Unable to read VR Path Registry from C:\Users\Imu\AppData\Local\openvr\openvrpaths.vrpath
[Parent 12440, Gecko_IOThread] WARNING: pipe error: 109: file z:/build/build/src/ipc/chromium/src/chrome/common/ipc_channel_win.cc, line 346
Unable to read VR Path Registry from C:\Users\Imu\AppData\Local\openvr\openvrpaths.vrpath
[Child 12344, Chrome_ChildThread] WARNING: pipe error: 109: file z:/build/build/src/ipc/chromium/src/chrome/common/ipc_channel_win.cc, line 346
[Child 12344, Chrome_ChildThread] WARNING: pipe error: 109: file z:/build/build/src/ipc/chromium/src/chrome/common/ipc_channel_win.cc, line 346
1524670435728	addons.productaddons	WARN	Failed downloading via XHR, status: 0, reason: error
[Parent 12440, Gecko_IOThread] WARNING: pipe error: 109: file z:/build/build/src/ipc/chromium/src/chrome/common/ipc_channel_win.cc, line 346
[Parent 12440, Gecko_IOThread] WARNING: pipe error: 109: file z:/build/build/src/ipc/chromium/src/chrome/common/ipc_channel_win.cc, line 346

###!!! [Child][MessageChannel::SendAndWait] Error: Channel error: cannot send/recv

1524670455401	geckodriver	INFO	geckodriver 0.20.1
1524670455412	geckodriver	INFO	Listening on 127.0.0.1:39904
1524670458405	mozrunner::runner	INFO	Running command: "C:\\Program Files (x86)\\Mozilla Firefox\\firefox.exe" "-marionette" "-profile" "C:\\Users\\Imu\\AppData\\Local\\Temp\\rust_mozprofile.kjcIbghO2CjG"
1524670461608	Marionette	INFO	Listening on port 39915
1524670462109	Marionette	WARN	TLS certificate errors will be ignored for this session
Unable to read VR Path Registry from C:\Users\Imu\AppData\Local\openvr\openvrpaths.vrpath
[Child 3472, Chrome_ChildThread] WARNING: pipe error: 109: file z:/build/build/src/ipc/chromium/src/chrome/common/ipc_channel_win.cc, line 346
[Child 3472, Chrome_ChildThread] WARNING: pipe error: 109: file z:/build/build/src/ipc/chromium/src/chrome/common/ipc_channel_win.cc, line 346
1524670527695	addons.productaddons	WARN	Failed downloading via XHR, status: 0, reason: error
Unable to read VR Path Registry from C:\Users\Imu\AppData\Local\openvr\openvrpaths.vrpath
[Parent 9392, Gecko_IOThread] WARNING: pipe error: 109: file z:/build/build/src/ipc/chromium/src/chrome/common/ipc_channel_win.cc, line 346
Unable to read VR Path Registry from C:\Users\Imu\AppData\Local\openvr\openvrpaths.vrpath
[Child 3744, Chrome_ChildThread] WARNING: pipe error: 109: file z:/build/build/src/ipc/chromium/src/chrome/common/ipc_channel_win.cc, line 346
[Parent 9392, Gecko_IOThread] WARNING: pipe error: 109: file z:/build/build/src/ipc/chromium/src/chrome/common/ipc_channel_win.cc, line 346

###!!! [Child][MessageChannel::SendAndWait] Error: Channel error: cannot send/recv

1524670617935	geckodriver	INFO	geckodriver 0.20.1
1524670617945	geckodriver	INFO	Listening on 127.0.0.1:40169
1524670620986	mozrunner::runner	INFO	Running command: "C:\\Program Files (x86)\\Mozilla Firefox\\firefox.exe" "-marionette" "-profile" "C:\\Users\\Imu\\AppData\\Local\\Temp\\rust_mozprofile.wx13teQddaAm"
1524670624348	Marionette	INFO	Listening on port 40181
1524670624657	Marionette	WARN	TLS certificate errors will be ignored for this session
Unable to read VR Path Registry from C:\Users\Imu\AppData\Local\openvr\openvrpaths.vrpath
[Parent 12728, Gecko_IOThread] WARNING: pipe error: 109: file z:/build/build/src/ipc/chromium/src/chrome/common/ipc_channel_win.cc, line 346
Unable to read VR Path Registry from C:\Users\Imu\AppData\Local\openvr\openvrpaths.vrpath
[Child 12788, Chrome_ChildThread] WARNING: pipe error: 109: file z:/build/build/src/ipc/chromium/src/chrome/common/ipc_channel_win.cc, line 346
[Child 12788, Chrome_ChildThread] WARNING: pipe error: 109: file z:/build/build/src/ipc/chromium/src/chrome/common/ipc_channel_win.cc, line 346
[Parent 12728, Gecko_IOThread] WARNING: pipe error: 109: file z:/build/build/src/ipc/chromium/src/chrome/common/ipc_channel_win.cc, line 346

###!!! [Child][MessageChannel::SendAndWait] Error: Channel error: cannot send/recv

1524670843484	geckodriver	INFO	geckodriver 0.20.1
1524670843497	geckodriver	INFO	Listening on 127.0.0.1:40523
1524670846507	mozrunner::runner	INFO	Running command: "C:\\Program Files (x86)\\Mozilla Firefox\\firefox.exe" "-marionette" "-profile" "C:\\Users\\Imu\\AppData\\Local\\Temp\\rust_mozprofile.TLpCw00TRvbM"
1524670849503	Marionette	INFO	Listening on port 40534
1524670849877	Marionette	WARN	TLS certificate errors will be ignored for this session
Unable to read VR Path Registry from C:\Users\Imu\AppData\Local\openvr\openvrpaths.vrpath
[Child 1516, Chrome_ChildThread] WARNING: pipe error: 109: file z:/build/build/src/ipc/chromium/src/chrome/common/ipc_channel_win.cc, line 346
Unable to read VR Path Registry from C:\Users\Imu\AppData\Local\openvr\openvrpaths.vrpath
[Child 12736, Chrome_ChildThread] WARNING: pipe error: 109: file z:/build/build/src/ipc/chromium/src/chrome/common/ipc_channel_win.cc, line 346
[Child 12736, Chrome_ChildThread] WARNING: pipe error: 109: file z:/build/build/src/ipc/chromium/src/chrome/common/ipc_channel_win.cc, line 346

###!!! [Child][MessageChannel] Error: (msgtype=0x48000F,name=PHttpChannel::Msg___delete__) Channel closing: too late to send/recv, messages will be lost


###!!! [Child][MessageChannel] Error: (msgtype=0x540027,name=PNecko::Msg_RemoveRequestContext) Channel closing: too late to send/recv, messages will be lost


###!!! [Child][RunMessage] Error: Channel closing: too late to send/recv, messages will be lost


###!!! [Child][RunMessage] Error: Channel closing: too late to send/recv, messages will be lost


###!!! [Child][RunMessage] Error: Channel closing: too late to send/recv, messages will be lost


###!!! [Child][RunMessage] Error: Channel closing: too late to send/recv, messages will be lost


###!!! [Child][RunMessage] Error: Channel closing: too late to send/recv, messages will be lost


###!!! [Child][RunMessage] Error: Channel closing: too late to send/recv, messages will be lost


###!!! [Child][RunMessage] Error: Channel closing: too late to send/recv, messages will be lost


###!!! [Child][RunMessage] Error: Channel closing: too late to send/recv, messages will be lost

Unable to read VR Path Registry from C:\Users\Imu\AppData\Local\openvr\openvrpaths.vrpath
[Parent 9088, Gecko_IOThread] WARNING: pipe error: 109: file z:/build/build/src/ipc/chromium/src/chrome/common/ipc_channel_win.cc, line 346
Unable to read VR Path Registry from C:\Users\Imu\AppData\Local\openvr\openvrpaths.vrpath
[Child 6784, Chrome_ChildThread] WARNING: pipe error: 109: file z:/build/build/src/ipc/chromium/src/chrome/common/ipc_channel_win.cc, line 346
[Child 6784, Chrome_ChildThread] WARNING: pipe error: 109: file z:/build/build/src/ipc/chromium/src/chrome/common/ipc_channel_win.cc, line 346
*** UTM:SVC TimerManager:registerTimer called after profile-before-change notification. Ignoring timer registration for id: telemetry_modules_ping

###!!! [Child][MessageChannel::SendAndWait] Error: Channel error: cannot send/recv

